Started GET "/" for 127.0.0.1 at 2022-07-28 08:06:37 -0300
  [1m[35m (2.1ms)[0m  [1m[34mSELECT sqlite_version(*)[0m
Processing by Rails::WelcomeController#index as HTML
  Rendering /Users/alex.cavalcante/.rvm/gems/ruby-2.7.2/gems/railties-7.0.3.1/lib/rails/templates/rails/welcome/index.html.erb
  Rendered /Users/alex.cavalcante/.rvm/gems/ruby-2.7.2/gems/railties-7.0.3.1/lib/rails/templates/rails/welcome/index.html.erb (Duration: 3.1ms | Allocations: 685)
Completed 200 OK in 19ms (Views: 8.4ms | ActiveRecord: 0.0ms | Allocations: 6577)


Started GET "/users" for 127.0.0.1 at 2022-07-28 08:10:45 -0300
Processing by UsersController#index as HTML
Completed 200 OK in 1ms (Views: 0.2ms | Allocations: 171)


Started GET "/users/1" for 127.0.0.1 at 2022-07-28 08:17:35 -0300
Processing by UsersController#show as HTML
  Parameters: {"id"=>"1"}
Completed 500 Internal Server Error in 5ms (Allocations: 2888)


  
NameError (undefined local variable or method `byebug' for #<UsersController:0x00000000013330>):
  
app/controllers/users_controller.rb:14:in `params_users'
app/controllers/users_controller.rb:8:in `show'
Started GET "/users/1" for 127.0.0.1 at 2022-07-28 08:19:39 -0300
Processing by UsersController#show as HTML
  Parameters: {"id"=>"1"}
Completed 500 Internal Server Error in 6ms (Allocations: 2920)


  
NameError (undefined local variable or method `byebug' for #<UsersController:0x00000000013740>):
  
app/controllers/users_controller.rb:14:in `params_users'
app/controllers/users_controller.rb:8:in `show'
Started GET "/users/1" for 127.0.0.1 at 2022-07-28 08:19:59 -0300
Processing by UsersController#show as HTML
  Parameters: {"id"=>"1"}
Completed 500 Internal Server Error in 5ms (Allocations: 2922)


  
NameError (undefined local variable or method `byebug' for #<UsersController:0x00000000013ab0>):
  
app/controllers/users_controller.rb:14:in `params_users'
app/controllers/users_controller.rb:8:in `show'
Started GET "/users/1" for 127.0.0.1 at 2022-07-28 08:20:01 -0300
Processing by UsersController#show as HTML
  Parameters: {"id"=>"1"}
Completed 500 Internal Server Error in 5ms (Allocations: 2922)


  
NameError (undefined local variable or method `byebug' for #<UsersController:0x00000000013df8>):
  
app/controllers/users_controller.rb:14:in `params_users'
app/controllers/users_controller.rb:8:in `show'
Started GET "/users/1" for 127.0.0.1 at 2022-07-28 08:20:10 -0300
Processing by UsersController#show as HTML
  Parameters: {"id"=>"1"}
Completed 500 Internal Server Error in 6ms (Allocations: 2920)


  
NameError (undefined local variable or method `byebug' for #<UsersController:0x00000000014140>):
  
app/controllers/users_controller.rb:14:in `params_users'
app/controllers/users_controller.rb:8:in `show'
Started GET "/users/1" for 127.0.0.1 at 2022-07-28 08:21:26 -0300
Processing by UsersController#show as HTML
  Parameters: {"id"=>"1"}
Completed 500 Internal Server Error in 6ms (Allocations: 2920)


  
NameError (undefined local variable or method `byebug' for #<UsersController:0x000000000144b0>):
  
app/controllers/users_controller.rb:14:in `params_users'
app/controllers/users_controller.rb:8:in `show'
Started GET "/users/1" for 127.0.0.1 at 2022-07-28 08:22:57 -0300
Processing by UsersController#show as HTML
  Parameters: {"id"=>"1"}
Completed 500 Internal Server Error in 6ms (Allocations: 2920)


  
NameError (undefined local variable or method `byebug' for #<UsersController:0x00000000014820>):
  
app/controllers/users_controller.rb:14:in `params_users'
app/controllers/users_controller.rb:8:in `show'
Started GET "/users/1" for 127.0.0.1 at 2022-07-28 08:23:16 -0300
  
LoadError (cannot load such file -- byebug):
  
app/controllers/users_controller.rb:1:in `<main>'
Started GET "/users/1" for 127.0.0.1 at 2022-07-28 08:24:25 -0300
Processing by UsersController#show as HTML
  Parameters: {"id"=>"1"}
Completed 500 Internal Server Error in 5ms (Allocations: 2878)


  
NameError (undefined local variable or method `byebug' for #<UsersController:0x0000000001c9f8>):
  
app/controllers/users_controller.rb:14:in `params_users'
app/controllers/users_controller.rb:8:in `show'
Started GET "/users/1" for 127.0.0.1 at 2022-07-28 08:33:29 -0300
  [1m[35m (0.5ms)[0m  [1m[34mSELECT sqlite_version(*)[0m
Processing by UsersController#show as HTML
  Parameters: {"id"=>"1"}
Started GET "/users/1" for 127.0.0.1 at 2022-07-28 08:36:08 -0300
  [1m[35m (0.6ms)[0m  [1m[34mSELECT sqlite_version(*)[0m
Processing by UsersController#show as HTML
  Parameters: {"id"=>"1"}
Completed 500 Internal Server Error in 9701ms (ActiveRecord: 0.0ms | Allocations: 60330)


  
SystemExit (exit):
  
(byebug):1:in `exit'
(byebug):1:in `params_users'
app/controllers/users_controller.rb:15:in `params_users'
app/controllers/users_controller.rb:8:in `show'
Started GET "/users/1" for 127.0.0.1 at 2022-07-28 08:36:27 -0300
Processing by UsersController#show as HTML
  Parameters: {"id"=>"1"}
Started GET "/users/1" for 127.0.0.1 at 2022-07-28 08:37:10 -0300
  [1m[35m (0.5ms)[0m  [1m[34mSELECT sqlite_version(*)[0m
Processing by UsersController#show as HTML
  Parameters: {"id"=>"1"}
  [1m[35m (72.3ms)[0m  [1m[35mCREATE DATABASE "simple_rails_api_development" ENCODING = 'unicode'[0m
  [1m[35m (73.9ms)[0m  [1m[35mCREATE DATABASE "simple_rails_api_test" ENCODING = 'unicode'[0m
  [1m[35m (5.3ms)[0m  [1m[35mCREATE TABLE "schema_migrations" ("version" character varying NOT NULL PRIMARY KEY)[0m
  [1m[35m (2.2ms)[0m  [1m[35mCREATE TABLE "ar_internal_metadata" ("key" character varying NOT NULL PRIMARY KEY, "value" character varying, "created_at" timestamp(6) NOT NULL, "updated_at" timestamp(6) NOT NULL)[0m
  [1m[35m (0.2ms)[0m  [1m[34mSELECT pg_try_advisory_lock(4016320508634912135)[0m
  [1m[36mActiveRecord::SchemaMigration Pluck (0.3ms)[0m  [1m[34mSELECT "schema_migrations"."version" FROM "schema_migrations" ORDER BY "schema_migrations"."version" ASC[0m
Migrating to CreateUser (20220728115243)
  [1m[36mTRANSACTION (0.1ms)[0m  [1m[35mBEGIN[0m
  [1m[35m (2.6ms)[0m  [1m[35mCREATE TABLE "users" ("id" bigserial primary key, "name" character varying, "address" character varying, "age" integer, "created_at" timestamp(6) NOT NULL, "updated_at" timestamp(6) NOT NULL)[0m
  [1m[36mActiveRecord::SchemaMigration Create (0.3ms)[0m  [1m[32mINSERT INTO "schema_migrations" ("version") VALUES ($1) RETURNING "version"[0m  [["version", "20220728115243"]]
  [1m[36mTRANSACTION (0.4ms)[0m  [1m[35mCOMMIT[0m
  [1m[36mActiveRecord::InternalMetadata Load (0.3ms)[0m  [1m[34mSELECT "ar_internal_metadata".* FROM "ar_internal_metadata" WHERE "ar_internal_metadata"."key" = $1 LIMIT $2[0m  [["key", "environment"], ["LIMIT", 1]]
  [1m[36mTRANSACTION (0.1ms)[0m  [1m[35mBEGIN[0m
  [1m[36mActiveRecord::InternalMetadata Create (0.3ms)[0m  [1m[32mINSERT INTO "ar_internal_metadata" ("key", "value", "created_at", "updated_at") VALUES ($1, $2, $3, $4) RETURNING "key"[0m  [["key", "environment"], ["value", "development"], ["created_at", "2022-07-28 12:01:09.476263"], ["updated_at", "2022-07-28 12:01:09.476263"]]
  [1m[36mTRANSACTION (0.2ms)[0m  [1m[35mCOMMIT[0m
  [1m[35m (0.1ms)[0m  [1m[34mSELECT pg_advisory_unlock(4016320508634912135)[0m
  [1m[36mActiveRecord::SchemaMigration Pluck (0.4ms)[0m  [1m[34mSELECT "schema_migrations"."version" FROM "schema_migrations" ORDER BY "schema_migrations"."version" ASC[0m
